<?xml version="1.0" encoding="UTF-8"?>
<!-- Generated by org.testng.reporters.JUnitReportReporter -->
<testsuite hostname="DESKTOP-TKK594A" failures="0" tests="6" name="test.day3" time="0.024" errors="0" timestamp="2023-03-31T07:33:35 IST" skipped="1">
  <testcase classname="test.day3" name="Mobilesignoutcarloan" time="0.003"/>
  <system-out/>
  <testcase classname="test.day3" name="APILogincarloan" time="0.002"/>
  <system-out/>
  <testcase classname="test.day3" name="Mobilesignoutcarloan" time="0.005"/>
  <system-out/>
  <testcase classname="test.day3" name="Weblogincarloan" time="0.012"/>
  <system-out/>
  <testcase classname="test.day3" name="Mobilesignoutcarloan" time="0.002"/>
  <system-out/>
  <testcase classname="test.day3" name="MobileLogincarloan">
    <skipped/>
  </testcase> <!-- MobileLogincarloan -->
  <system-out/>
</testsuite> <!-- test.day3 -->
