<?xml version="1.0" encoding="UTF-8"?>
<!-- Generated by org.testng.reporters.JUnitReportReporter -->
<testsuite hostname="DESKTOP-TKK594A" failures="0" tests="3" name="test.day4" time="0.007" errors="0" timestamp="2023-03-31T07:33:35 IST" skipped="0">
  <testcase classname="test.day4" name="Webloginhomeloan" time="0.002"/>
  <system-out/>
  <testcase classname="test.day4" name="LoginAPIhomeloan" time="0.002"/>
  <system-out/>
  <testcase classname="test.day4" name="MobileLoginhomeloan" time="0.003"/>
  <system-out/>
</testsuite> <!-- test.day4 -->
